[NX Daemon Server] - 2024-09-20T09:55:36.767Z - Started listening on: \\.\pipe\nx\C:\Users\ALEXAN~1\AppData\Local\Temp\3019b2b3c5de57dd2ff0\d.sock
[NX Daemon Server] - 2024-09-20T09:55:36.769Z - [WATCHER]: Subscribed to changes within: d:\git-classes\ng-adv-17\demos\10-optimization\01-optimizing\optimize-angular (native)
[NX Daemon Server] - 2024-09-20T09:55:36.770Z - Established a connection. Number of open connections: 1
[NX Daemon Server] - 2024-09-20T09:55:36.772Z - Closed a connection. Number of open connections: 0
[NX Daemon Server] - 2024-09-20T09:55:36.772Z - Established a connection. Number of open connections: 1
[NX Daemon Server] - 2024-09-20T09:55:36.773Z - [REQUEST]: Responding to the client. Shutdown initiated
[NX Daemon Server] - 2024-09-20T09:55:36.774Z - Done responding to the client Shutdown initiated
[NX Daemon Server] - 2024-09-20T09:55:36.774Z - Handled FORCE_SHUTDOWN. Handling time: 0. Response time: 1.
[NX Daemon Server] - 2024-09-20T09:55:36.774Z - Closed a connection. Number of open connections: 0
[NX Daemon Server] - 2024-09-20T09:55:36.774Z - [WATCHER]: Stopping the watcher for d:\git-classes\ng-adv-17\demos\10-optimization\01-optimizing\optimize-angular (sources)
[NX Daemon Server] - 2024-09-20T09:55:36.774Z - [WATCHER]: Stopping the watcher for d:\git-classes\ng-adv-17\demos\10-optimization\01-optimizing\optimize-angular (outputs)
[NX Daemon Server] - 2024-09-20T09:55:37.009Z - Started listening on: \\.\pipe\nx\C:\Users\ALEXAN~1\AppData\Local\Temp\3019b2b3c5de57dd2ff0\d.sock
[NX Daemon Server] - 2024-09-20T09:55:37.010Z - [WATCHER]: Subscribed to changes within: d:\git-classes\ng-adv-17\demos\10-optimization\01-optimizing\optimize-angular (native)
[NX Daemon Server] - 2024-09-20T09:55:37.018Z - Established a connection. Number of open connections: 1
[NX Daemon Server] - 2024-09-20T09:55:37.019Z - Closed a connection. Number of open connections: 0
[NX Daemon Server] - 2024-09-20T09:55:37.019Z - Established a connection. Number of open connections: 1
[NX Daemon Server] - 2024-09-20T09:55:37.020Z - [REQUEST]: Responding to the client. Shutdown initiated
[NX Daemon Server] - 2024-09-20T09:55:37.021Z - Done responding to the client Shutdown initiated
[NX Daemon Server] - 2024-09-20T09:55:37.021Z - Handled FORCE_SHUTDOWN. Handling time: 0. Response time: 1.
[NX Daemon Server] - 2024-09-20T09:55:37.021Z - Closed a connection. Number of open connections: 0
[NX Daemon Server] - 2024-09-20T09:55:37.021Z - [WATCHER]: Stopping the watcher for d:\git-classes\ng-adv-17\demos\10-optimization\01-optimizing\optimize-angular (sources)
[NX Daemon Server] - 2024-09-20T09:55:37.021Z - [WATCHER]: Stopping the watcher for d:\git-classes\ng-adv-17\demos\10-optimization\01-optimizing\optimize-angular (outputs)
